<?xml version="1.0" encoding="UTF-8"?>
<testsuite xmlns:xsi="http://www.w3.org/2001/XMLSchema-instance" xsi:noNamespaceSchemaLocation="https://maven.apache.org/surefire/maven-surefire-plugin/xsd/surefire-test-report.xsd" name="be.kuleuven.assemassit.AppTest" time="0.035" tests="2" errors="0" skipped="0" failures="0">
  <properties>
[...]
</properties>
  <testcase name="testAppMain" classname="be.kuleuven.assemassit.AppTest" time="0.027"/>
  <testcase name="testAppConstructor" classname="be.kuleuven.assemassit.AppTest" time="0.001"/>
</testsuite>